[
  {
    "level": "INFO",
    "message": "android.ndkVersion from module build.gradle is 19.2.5345600"
  },
  {
    "level": "INFO",
    "message": "ndk.dir in local.properties is C:\\Users\\Unixt\\AppData\\Local\\Android\\Sdk\\ndk-bundle"
  },
  {
    "level": "INFO",
    "message": "ANDROID_NDK_HOME environment variable is not set"
  },
  {
    "level": "INFO",
    "message": "sdkFolder is C:\\Users\\Unixt\\AppData\\Local\\Android\\Sdk"
  },
  {
    "level": "INFO",
    "message": "Considering C:\\Users\\Unixt\\AppData\\Local\\Android\\Sdk\\ndk-bundle by ndk.dir"
  },
  {
    "level": "INFO",
    "message": "Considering C:\\Users\\Unixt\\AppData\\Local\\Android\\Sdk\\ndk-bundle in SDK ndk-bundle folder"
  },
  {
    "level": "INFO",
    "message": "Considering C:\\Users\\Unixt\\AppData\\Local\\Android\\Sdk\\ndk\\19.2.5345600 in SDK ndk folder"
  },
  {
    "level": "INFO",
    "message": "Considering C:\\Users\\Unixt\\AppData\\Local\\Android\\Sdk\\ndk\\21.1.6352462 in SDK ndk folder"
  },
  {
    "level": "ERROR",
    "message": "Requested NDK version 19.2.5345600 did not match the version 21.2.6472646 requested by ndk.dir at C:\\Users\\Unixt\\AppData\\Local\\Android\\Sdk\\ndk-bundle"
  }
]